#0 building with "default" instance using docker driver

#1 [internal] load build definition from Dockerfile.yolov8_trt_x86
#1 transferring dockerfile: 801B done
#1 DONE 0.0s

#2 [internal] load metadata for nvcr.io/nvidia/tensorrt:24.05-py3
#2 DONE 4.3s

#3 [internal] load .dockerignore
#3 transferring context: 2B done
#3 DONE 0.0s

#4 [internal] load build context
#4 transferring context: 483.32kB done
#4 DONE 0.0s

#5 [1/8] FROM nvcr.io/nvidia/tensorrt:24.05-py3@sha256:2cbb055816eb56a1dc688ef659932fccad11cd3bb339eaf59f324f0e255f18a9
#5 resolve nvcr.io/nvidia/tensorrt:24.05-py3@sha256:2cbb055816eb56a1dc688ef659932fccad11cd3bb339eaf59f324f0e255f18a9 0.0s done
#5 DONE 0.3s

#5 [1/8] FROM nvcr.io/nvidia/tensorrt:24.05-py3@sha256:2cbb055816eb56a1dc688ef659932fccad11cd3bb339eaf59f324f0e255f18a9
#5 sha256:b7f1285721d25fe6b633372bf7a71b7c78e2e716a21d48f576f54fade5b6b3ab 0B / 742B 0.2s
#5 sha256:8b3903d07c31233a6e3ef9e04ac25057e70073dbad10d015f8bbaf3c0b7f00a3 0B / 1.44kB 0.2s
#5 sha256:e073893c6a7ff1ba1141b3203e2f18a36119cd62e0ddded294356b6eafa3b7e1 0B / 20.07MB 0.2s
#5 sha256:2cd3c44f8c51fff9766310d020aafa21a9b5511b751c2d7f9fea714a5f87758d 0B / 8.95kB 0.2s
#5 sha256:b7f1285721d25fe6b633372bf7a71b7c78e2e716a21d48f576f54fade5b6b3ab 742B / 742B 0.9s done
#5 sha256:d4b1fa0f8a686c0856b5da0733d63720c09ef01634f81261f639e52f837ed648 0B / 715.48kB 0.2s
#5 sha256:8b3903d07c31233a6e3ef9e04ac25057e70073dbad10d015f8bbaf3c0b7f00a3 1.44kB / 1.44kB 1.2s done
#5 sha256:f70dc7f149885eab047f6c1ed30adae1a188e57c04b145ad94fe41fdea2bc1b7 0B / 2.43kB 0.2s
#5 sha256:2cd3c44f8c51fff9766310d020aafa21a9b5511b751c2d7f9fea714a5f87758d 8.95kB / 8.95kB 1.5s done
#5 sha256:3f56ca7a5347cd091b20cef80f85137f994d10ef6fa9c145fdfde8356bb07262 0B / 4.48kB 0.2s
#5 sha256:f70dc7f149885eab047f6c1ed30adae1a188e57c04b145ad94fe41fdea2bc1b7 2.43kB / 2.43kB 0.9s done
#5 sha256:3f56ca7a5347cd091b20cef80f85137f994d10ef6fa9c145fdfde8356bb07262 4.48kB / 4.48kB 0.8s done
#5 sha256:15897a6860b5843ed8b18c3d9405a7e1e3bec040e515edc64b140219dc4e490e 0B / 410B 0.2s
#5 sha256:e073893c6a7ff1ba1141b3203e2f18a36119cd62e0ddded294356b6eafa3b7e1 1.05MB / 20.07MB 2.4s
#5 sha256:8ea6a230ca34a5cb800a3e6e3bc921b87207d99a6b59824d0473dd6f7bc8d3de 0B / 1.28kB 0.2s
#5 sha256:e073893c6a7ff1ba1141b3203e2f18a36119cd62e0ddded294356b6eafa3b7e1 3.15MB / 20.07MB 2.6s
#5 sha256:d4b1fa0f8a686c0856b5da0733d63720c09ef01634f81261f639e52f837ed648 715.48kB / 715.48kB 1.7s done
#5 sha256:e073893c6a7ff1ba1141b3203e2f18a36119cd62e0ddded294356b6eafa3b7e1 6.29MB / 20.07MB 2.9s
#5 sha256:cf30affbc0ce1970e0e955369431c298f90059e88dd6968cb679dfa54b8a1bde 0B / 487B 0.2s
#5 sha256:e073893c6a7ff1ba1141b3203e2f18a36119cd62e0ddded294356b6eafa3b7e1 10.49MB / 20.07MB 3.0s
#5 sha256:15897a6860b5843ed8b18c3d9405a7e1e3bec040e515edc64b140219dc4e490e 410B / 410B 0.8s done
#5 sha256:8ea6a230ca34a5cb800a3e6e3bc921b87207d99a6b59824d0473dd6f7bc8d3de 1.28kB / 1.28kB 0.8s done
#5 sha256:71390981f684fbf02d21e6cf801f41205b43f78340324fa41cfcabbb4dc55e17 0B / 572.83kB 0.2s
#5 sha256:e073893c6a7ff1ba1141b3203e2f18a36119cd62e0ddded294356b6eafa3b7e1 13.63MB / 20.07MB 3.2s
#5 sha256:524886d564b0009bba462b17f0360d8772b97c8e465812dcc562ecf6344b4989 0B / 191.31MB 0.2s
#5 sha256:e073893c6a7ff1ba1141b3203e2f18a36119cd62e0ddded294356b6eafa3b7e1 17.83MB / 20.07MB 3.3s
#5 sha256:cf30affbc0ce1970e0e955369431c298f90059e88dd6968cb679dfa54b8a1bde 487B / 487B 0.9s done
#5 sha256:e073893c6a7ff1ba1141b3203e2f18a36119cd62e0ddded294356b6eafa3b7e1 20.07MB / 20.07MB 3.4s done
#5 sha256:ee70a35895dd245142c4c03aa992b040aefab0217f97f3e6a5ce020c0d23f676 0B / 178B 0.2s
#5 sha256:fc5ab6029aaffb15140d0d5243f0842d8d609f8167313a01fad432c5f6a96610 0B / 42.96MB 0.2s
#5 sha256:ee70a35895dd245142c4c03aa992b040aefab0217f97f3e6a5ce020c0d23f676 178B / 178B 0.8s done
#5 sha256:71390981f684fbf02d21e6cf801f41205b43f78340324fa41cfcabbb4dc55e17 572.83kB / 572.83kB 1.5s done
#5 sha256:7db7cefe95267d71f2f43daa1ecc5e2b5381fdf27b83c71c28c561338a93bfd0 0B / 5.86MB 0.2s
#5 sha256:7db7cefe95267d71f2f43daa1ecc5e2b5381fdf27b83c71c28c561338a93bfd0 1.05MB / 5.86MB 0.3s
#5 sha256:7db7cefe95267d71f2f43daa1ecc5e2b5381fdf27b83c71c28c561338a93bfd0 5.86MB / 5.86MB 0.5s
#5 sha256:b35386aa976048c1db5c12309952f488e8a63006f5bc8d68a82091c7659675ac 0B / 152B 0.2s
#5 sha256:7db7cefe95267d71f2f43daa1ecc5e2b5381fdf27b83c71c28c561338a93bfd0 5.86MB / 5.86MB 0.5s done
#5 sha256:b35386aa976048c1db5c12309952f488e8a63006f5bc8d68a82091c7659675ac 152B / 152B 0.3s done
#5 sha256:3e6a07f6db841f1420b13f0bcc744e316530397df1217f88c1e60fd8d8f490de 0B / 153B 0.2s
#5 sha256:cf93677f864a6f1808abe353368622283251a7fa26033147cec11d381d48fe40 0B / 12.74MB 0.2s
#5 sha256:fc5ab6029aaffb15140d0d5243f0842d8d609f8167313a01fad432c5f6a96610 3.15MB / 42.96MB 2.0s
#5 sha256:3e6a07f6db841f1420b13f0bcc744e316530397df1217f88c1e60fd8d8f490de 153B / 153B 0.8s done
#5 sha256:524886d564b0009bba462b17f0360d8772b97c8e465812dcc562ecf6344b4989 13.63MB / 191.31MB 2.6s
#5 sha256:fc5ab6029aaffb15140d0d5243f0842d8d609f8167313a01fad432c5f6a96610 7.34MB / 42.96MB 2.3s
#5 sha256:e87642625b106b20bc26ee8431409dbb9b7fb8fdf2477eade1121ab367dd21d8 0B / 22.00MB 0.2s
#5 sha256:fc5ab6029aaffb15140d0d5243f0842d8d609f8167313a01fad432c5f6a96610 12.58MB / 42.96MB 2.6s
#5 sha256:524886d564b0009bba462b17f0360d8772b97c8e465812dcc562ecf6344b4989 24.12MB / 191.31MB 3.0s
#5 sha256:fc5ab6029aaffb15140d0d5243f0842d8d609f8167313a01fad432c5f6a96610 16.78MB / 42.96MB 2.7s
#5 sha256:fc5ab6029aaffb15140d0d5243f0842d8d609f8167313a01fad432c5f6a96610 20.97MB / 42.96MB 2.9s
#5 sha256:fc5ab6029aaffb15140d0d5243f0842d8d609f8167313a01fad432c5f6a96610 25.17MB / 42.96MB 3.0s
#5 sha256:cf93677f864a6f1808abe353368622283251a7fa26033147cec11d381d48fe40 1.05MB / 12.74MB 1.8s
#5 sha256:fc5ab6029aaffb15140d0d5243f0842d8d609f8167313a01fad432c5f6a96610 29.36MB / 42.96MB 3.2s
#5 sha256:524886d564b0009bba462b17f0360d8772b97c8e465812dcc562ecf6344b4989 35.65MB / 191.31MB 3.6s
#5 sha256:cf93677f864a6f1808abe353368622283251a7fa26033147cec11d381d48fe40 3.15MB / 12.74MB 2.1s
#5 sha256:fc5ab6029aaffb15140d0d5243f0842d8d609f8167313a01fad432c5f6a96610 32.51MB / 42.96MB 3.5s
#5 sha256:cf93677f864a6f1808abe353368622283251a7fa26033147cec11d381d48fe40 5.24MB / 12.74MB 2.3s
#5 sha256:fc5ab6029aaffb15140d0d5243f0842d8d609f8167313a01fad432c5f6a96610 35.65MB / 42.96MB 3.6s
#5 sha256:cf93677f864a6f1808abe353368622283251a7fa26033147cec11d381d48fe40 6.29MB / 12.74MB 2.4s
#5 sha256:524886d564b0009bba462b17f0360d8772b97c8e465812dcc562ecf6344b4989 46.14MB / 191.31MB 4.1s
#5 sha256:cf93677f864a6f1808abe353368622283251a7fa26033147cec11d381d48fe40 8.39MB / 12.74MB 2.6s
#5 sha256:fc5ab6029aaffb15140d0d5243f0842d8d609f8167313a01fad432c5f6a96610 39.85MB / 42.96MB 3.9s
#5 sha256:cf93677f864a6f1808abe353368622283251a7fa26033147cec11d381d48fe40 10.49MB / 12.74MB 2.7s
#5 sha256:fc5ab6029aaffb15140d0d5243f0842d8d609f8167313a01fad432c5f6a96610 42.96MB / 42.96MB 4.1s done
#5 sha256:e87642625b106b20bc26ee8431409dbb9b7fb8fdf2477eade1121ab367dd21d8 2.10MB / 22.00MB 2.0s
#5 sha256:cf93677f864a6f1808abe353368622283251a7fa26033147cec11d381d48fe40 12.74MB / 12.74MB 2.8s done
#5 sha256:e87642625b106b20bc26ee8431409dbb9b7fb8fdf2477eade1121ab367dd21d8 4.19MB / 22.00MB 2.1s
#5 sha256:524886d564b0009bba462b17f0360d8772b97c8e465812dcc562ecf6344b4989 57.67MB / 191.31MB 4.7s
#5 sha256:d2463ee1a4116573f2f0842bde6529fc5cc4da0a85b5071a1d5bdd38bda93102 0B / 454.36MB 0.2s
#5 sha256:26dad4c39e1d2b8bb018c315bc4e3870d364806f2b5e4ef3b87364cc671a7b85 0B / 502B 0.2s
#5 sha256:e87642625b106b20bc26ee8431409dbb9b7fb8fdf2477eade1121ab367dd21d8 6.29MB / 22.00MB 2.3s
#5 sha256:524886d564b0009bba462b17f0360d8772b97c8e465812dcc562ecf6344b4989 68.16MB / 191.31MB 5.0s
#5 sha256:e87642625b106b20bc26ee8431409dbb9b7fb8fdf2477eade1121ab367dd21d8 8.39MB / 22.00MB 2.4s
#5 sha256:e87642625b106b20bc26ee8431409dbb9b7fb8fdf2477eade1121ab367dd21d8 11.53MB / 22.00MB 2.6s
#5 sha256:e87642625b106b20bc26ee8431409dbb9b7fb8fdf2477eade1121ab367dd21d8 14.68MB / 22.00MB 2.7s
#5 sha256:e87642625b106b20bc26ee8431409dbb9b7fb8fdf2477eade1121ab367dd21d8 17.83MB / 22.00MB 2.9s
#5 sha256:26dad4c39e1d2b8bb018c315bc4e3870d364806f2b5e4ef3b87364cc671a7b85 502B / 502B 0.8s done
#5 sha256:524886d564b0009bba462b17f0360d8772b97c8e465812dcc562ecf6344b4989 81.79MB / 191.31MB 5.6s
#5 sha256:e87642625b106b20bc26ee8431409dbb9b7fb8fdf2477eade1121ab367dd21d8 22.00MB / 22.00MB 3.0s done
#5 sha256:415616bd3eb5e4b7554aba5a652dd6271d8567c79724d8c97503917639b9e5a7 0B / 89.48MB 0.2s
#5 sha256:dd497867abf19fa693da97dd7c4cebcd29f4a5a225899c8d375b4c30e4073f27 0B / 31.37MB 0.2s
#5 sha256:524886d564b0009bba462b17f0360d8772b97c8e465812dcc562ecf6344b4989 93.32MB / 191.31MB 6.0s
#5 sha256:524886d564b0009bba462b17f0360d8772b97c8e465812dcc562ecf6344b4989 105.91MB / 191.31MB 6.6s
#5 sha256:524886d564b0009bba462b17f0360d8772b97c8e465812dcc562ecf6344b4989 116.39MB / 191.31MB 7.1s
#5 sha256:524886d564b0009bba462b17f0360d8772b97c8e465812dcc562ecf6344b4989 127.93MB / 191.31MB 7.7s
#5 sha256:dd497867abf19fa693da97dd7c4cebcd29f4a5a225899c8d375b4c30e4073f27 3.15MB / 31.37MB 2.1s
#5 sha256:d2463ee1a4116573f2f0842bde6529fc5cc4da0a85b5071a1d5bdd38bda93102 23.07MB / 454.36MB 3.3s
#5 sha256:415616bd3eb5e4b7554aba5a652dd6271d8567c79724d8c97503917639b9e5a7 5.24MB / 89.48MB 2.4s
#5 sha256:dd497867abf19fa693da97dd7c4cebcd29f4a5a225899c8d375b4c30e4073f27 6.29MB / 31.37MB 2.4s
#5 sha256:524886d564b0009bba462b17f0360d8772b97c8e465812dcc562ecf6344b4989 138.41MB / 191.31MB 8.3s
#5 sha256:dd497867abf19fa693da97dd7c4cebcd29f4a5a225899c8d375b4c30e4073f27 8.39MB / 31.37MB 2.7s
#5 sha256:415616bd3eb5e4b7554aba5a652dd6271d8567c79724d8c97503917639b9e5a7 10.49MB / 89.48MB 3.0s
#5 sha256:dd497867abf19fa693da97dd7c4cebcd29f4a5a225899c8d375b4c30e4073f27 10.49MB / 31.37MB 3.0s
#5 sha256:dd497867abf19fa693da97dd7c4cebcd29f4a5a225899c8d375b4c30e4073f27 12.58MB / 31.37MB 3.2s
#5 sha256:524886d564b0009bba462b17f0360d8772b97c8e465812dcc562ecf6344b4989 148.90MB / 191.31MB 8.9s
#5 sha256:dd497867abf19fa693da97dd7c4cebcd29f4a5a225899c8d375b4c30e4073f27 14.68MB / 31.37MB 3.5s
#5 sha256:415616bd3eb5e4b7554aba5a652dd6271d8567c79724d8c97503917639b9e5a7 15.73MB / 89.48MB 3.8s
#5 sha256:524886d564b0009bba462b17f0360d8772b97c8e465812dcc562ecf6344b4989 159.38MB / 191.31MB 9.3s
#5 sha256:d2463ee1a4116573f2f0842bde6529fc5cc4da0a85b5071a1d5bdd38bda93102 46.14MB / 454.36MB 4.8s
#5 sha256:dd497867abf19fa693da97dd7c4cebcd29f4a5a225899c8d375b4c30e4073f27 16.78MB / 31.37MB 4.1s
#5 sha256:524886d564b0009bba462b17f0360d8772b97c8e465812dcc562ecf6344b4989 171.97MB / 191.31MB 9.8s
#5 sha256:dd497867abf19fa693da97dd7c4cebcd29f4a5a225899c8d375b4c30e4073f27 18.87MB / 31.37MB 4.4s
#5 sha256:524886d564b0009bba462b17f0360d8772b97c8e465812dcc562ecf6344b4989 186.65MB / 191.31MB 10.2s
#5 sha256:dd497867abf19fa693da97dd7c4cebcd29f4a5a225899c8d375b4c30e4073f27 20.97MB / 31.37MB 4.7s
#5 sha256:415616bd3eb5e4b7554aba5a652dd6271d8567c79724d8c97503917639b9e5a7 20.97MB / 89.48MB 5.0s
#5 sha256:524886d564b0009bba462b17f0360d8772b97c8e465812dcc562ecf6344b4989 191.31MB / 191.31MB 10.4s done
#5 sha256:dd497867abf19fa693da97dd7c4cebcd29f4a5a225899c8d375b4c30e4073f27 25.17MB / 31.37MB 5.1s
#5 sha256:d2463ee1a4116573f2f0842bde6529fc5cc4da0a85b5071a1d5bdd38bda93102 71.30MB / 454.36MB 6.2s
#5 sha256:dd497867abf19fa693da97dd7c4cebcd29f4a5a225899c8d375b4c30e4073f27 27.26MB / 31.37MB 5.3s
#5 sha256:10534a2947dddd8e5a6590a2c060c1e91aa3a15b8e29458ff880a440b7da9682 0B / 139.29kB 0.2s
#5 sha256:dd497867abf19fa693da97dd7c4cebcd29f4a5a225899c8d375b4c30e4073f27 29.36MB / 31.37MB 5.4s
#5 sha256:dd497867abf19fa693da97dd7c4cebcd29f4a5a225899c8d375b4c30e4073f27 31.37MB / 31.37MB 5.5s done
#5 sha256:415616bd3eb5e4b7554aba5a652dd6271d8567c79724d8c97503917639b9e5a7 26.21MB / 89.48MB 5.7s
#5 sha256:b31eec21bf1b88927a9d1f32932a27c752b7b91b0658658fa9b7dd95164da49b 0B / 5.86kB 0.2s
#5 sha256:415616bd3eb5e4b7554aba5a652dd6271d8567c79724d8c97503917639b9e5a7 32.51MB / 89.48MB 6.2s
#5 sha256:d2463ee1a4116573f2f0842bde6529fc5cc4da0a85b5071a1d5bdd38bda93102 95.42MB / 454.36MB 7.2s
#5 sha256:10534a2947dddd8e5a6590a2c060c1e91aa3a15b8e29458ff880a440b7da9682 139.29kB / 139.29kB 1.2s done
#5 sha256:415616bd3eb5e4b7554aba5a652dd6271d8567c79724d8c97503917639b9e5a7 37.75MB / 89.48MB 6.5s
#5 sha256:b31eec21bf1b88927a9d1f32932a27c752b7b91b0658658fa9b7dd95164da49b 5.86kB / 5.86kB 0.9s done
#5 sha256:8595082e4c4d0fd5e789a7b08caa513e99a3daa4c334bfa91505773461039f3f 0B / 185B 0.2s
#5 sha256:415616bd3eb5e4b7554aba5a652dd6271d8567c79724d8c97503917639b9e5a7 42.99MB / 89.48MB 6.8s
#5 sha256:bf82cf860ffe7ab6b6129710bf3fa8c76a05e35e7cc366bd1e54d6ee0d984c24 0B / 11.53kB 0.2s
#5 sha256:415616bd3eb5e4b7554aba5a652dd6271d8567c79724d8c97503917639b9e5a7 49.28MB / 89.48MB 7.1s
#5 sha256:d2463ee1a4116573f2f0842bde6529fc5cc4da0a85b5071a1d5bdd38bda93102 119.54MB / 454.36MB 8.0s
#5 sha256:8595082e4c4d0fd5e789a7b08caa513e99a3daa4c334bfa91505773461039f3f 185B / 185B 0.9s done
#5 sha256:bf82cf860ffe7ab6b6129710bf3fa8c76a05e35e7cc366bd1e54d6ee0d984c24 11.53kB / 11.53kB 0.8s done
#5 sha256:415616bd3eb5e4b7554aba5a652dd6271d8567c79724d8c97503917639b9e5a7 55.57MB / 89.48MB 7.4s
#5 sha256:0d55198c2909daf8ab00f1422720c28c1979b14797fde1e72b3b3857c41e84af 0B / 3.23GB 0.2s
#5 sha256:1605eaca532fbf204c0c9a79949a65efddc1e5a644e2d7a2bc9d839ae2b283ff 0B / 15.29kB 0.2s
#5 sha256:415616bd3eb5e4b7554aba5a652dd6271d8567c79724d8c97503917639b9e5a7 61.87MB / 89.48MB 7.7s
#5 sha256:d2463ee1a4116573f2f0842bde6529fc5cc4da0a85b5071a1d5bdd38bda93102 144.70MB / 454.36MB 8.7s
#5 sha256:415616bd3eb5e4b7554aba5a652dd6271d8567c79724d8c97503917639b9e5a7 69.21MB / 89.48MB 8.0s
#5 sha256:415616bd3eb5e4b7554aba5a652dd6271d8567c79724d8c97503917639b9e5a7 74.45MB / 89.48MB 8.1s
#5 sha256:1605eaca532fbf204c0c9a79949a65efddc1e5a644e2d7a2bc9d839ae2b283ff 15.29kB / 15.29kB 0.9s done
#5 sha256:068f728715cc6fb7a027aee7a1ebf8190d131a641e3bbd0f0c3b8dbc8721a7cc 0B / 160.65MB 0.2s
#5 sha256:415616bd3eb5e4b7554aba5a652dd6271d8567c79724d8c97503917639b9e5a7 82.84MB / 89.48MB 8.4s
#5 sha256:d2463ee1a4116573f2f0842bde6529fc5cc4da0a85b5071a1d5bdd38bda93102 167.77MB / 454.36MB 9.5s
#5 sha256:415616bd3eb5e4b7554aba5a652dd6271d8567c79724d8c97503917639b9e5a7 89.48MB / 89.48MB 8.7s done
#5 sha256:a1ceee53b5e4ecb167c3dff9d667fa0bcc246a303565abb954ad78b197e8f465 0B / 140.38MB 0.2s
#5 sha256:068f728715cc6fb7a027aee7a1ebf8190d131a641e3bbd0f0c3b8dbc8721a7cc 10.49MB / 160.65MB 0.9s
#5 sha256:068f728715cc6fb7a027aee7a1ebf8190d131a641e3bbd0f0c3b8dbc8721a7cc 18.87MB / 160.65MB 1.4s
#5 sha256:d2463ee1a4116573f2f0842bde6529fc5cc4da0a85b5071a1d5bdd38bda93102 192.94MB / 454.36MB 10.5s
#5 sha256:068f728715cc6fb7a027aee7a1ebf8190d131a641e3bbd0f0c3b8dbc8721a7cc 29.36MB / 160.65MB 1.8s
#5 sha256:068f728715cc6fb7a027aee7a1ebf8190d131a641e3bbd0f0c3b8dbc8721a7cc 38.80MB / 160.65MB 2.4s
#5 sha256:d2463ee1a4116573f2f0842bde6529fc5cc4da0a85b5071a1d5bdd38bda93102 217.06MB / 454.36MB 11.7s
#5 sha256:a1ceee53b5e4ecb167c3dff9d667fa0bcc246a303565abb954ad78b197e8f465 7.34MB / 140.38MB 2.4s
#5 sha256:068f728715cc6fb7a027aee7a1ebf8190d131a641e3bbd0f0c3b8dbc8721a7cc 47.19MB / 160.65MB 3.2s
#5 sha256:a1ceee53b5e4ecb167c3dff9d667fa0bcc246a303565abb954ad78b197e8f465 14.68MB / 140.38MB 3.2s
#5 sha256:068f728715cc6fb7a027aee7a1ebf8190d131a641e3bbd0f0c3b8dbc8721a7cc 55.57MB / 160.65MB 3.9s
#5 sha256:0d55198c2909daf8ab00f1422720c28c1979b14797fde1e72b3b3857c41e84af 44.04MB / 3.23GB 5.3s
#5 sha256:a1ceee53b5e4ecb167c3dff9d667fa0bcc246a303565abb954ad78b197e8f465 22.02MB / 140.38MB 3.9s
#5 sha256:d2463ee1a4116573f2f0842bde6529fc5cc4da0a85b5071a1d5bdd38bda93102 240.17MB / 454.36MB 13.7s
#5 sha256:068f728715cc6fb7a027aee7a1ebf8190d131a641e3bbd0f0c3b8dbc8721a7cc 65.01MB / 160.65MB 4.8s
#5 sha256:a1ceee53b5e4ecb167c3dff9d667fa0bcc246a303565abb954ad78b197e8f465 30.41MB / 140.38MB 4.8s
#5 sha256:068f728715cc6fb7a027aee7a1ebf8190d131a641e3bbd0f0c3b8dbc8721a7cc 74.45MB / 160.65MB 5.7s
#5 sha256:a1ceee53b5e4ecb167c3dff9d667fa0bcc246a303565abb954ad78b197e8f465 38.80MB / 140.38MB 5.7s
#5 sha256:d2463ee1a4116573f2f0842bde6529fc5cc4da0a85b5071a1d5bdd38bda93102 263.19MB / 454.36MB 15.5s
#5 sha256:068f728715cc6fb7a027aee7a1ebf8190d131a641e3bbd0f0c3b8dbc8721a7cc 83.89MB / 160.65MB 6.5s
#5 sha256:a1ceee53b5e4ecb167c3dff9d667fa0bcc246a303565abb954ad78b197e8f465 47.19MB / 140.38MB 6.6s
#5 sha256:068f728715cc6fb7a027aee7a1ebf8190d131a641e3bbd0f0c3b8dbc8721a7cc 92.27MB / 160.65MB 7.4s
#5 sha256:a1ceee53b5e4ecb167c3dff9d667fa0bcc246a303565abb954ad78b197e8f465 55.57MB / 140.38MB 7.4s
#5 sha256:068f728715cc6fb7a027aee7a1ebf8190d131a641e3bbd0f0c3b8dbc8721a7cc 101.71MB / 160.65MB 8.1s
#5 sha256:d2463ee1a4116573f2f0842bde6529fc5cc4da0a85b5071a1d5bdd38bda93102 286.26MB / 454.36MB 17.6s
#5 sha256:068f728715cc6fb7a027aee7a1ebf8190d131a641e3bbd0f0c3b8dbc8721a7cc 111.15MB / 160.65MB 8.9s
#5 sha256:0d55198c2909daf8ab00f1422720c28c1979b14797fde1e72b3b3857c41e84af 130.02MB / 3.23GB 10.4s
#5 sha256:a1ceee53b5e4ecb167c3dff9d667fa0bcc246a303565abb954ad78b197e8f465 62.91MB / 140.38MB 9.0s
#5 sha256:068f728715cc6fb7a027aee7a1ebf8190d131a641e3bbd0f0c3b8dbc8721a7cc 119.54MB / 160.65MB 9.8s
#5 sha256:068f728715cc6fb7a027aee7a1ebf8190d131a641e3bbd0f0c3b8dbc8721a7cc 127.93MB / 160.65MB 10.5s
#5 sha256:d2463ee1a4116573f2f0842bde6529fc5cc4da0a85b5071a1d5bdd38bda93102 309.33MB / 454.36MB 20.1s
#5 sha256:a1ceee53b5e4ecb167c3dff9d667fa0bcc246a303565abb954ad78b197e8f465 70.25MB / 140.38MB 10.7s
#5 sha256:068f728715cc6fb7a027aee7a1ebf8190d131a641e3bbd0f0c3b8dbc8721a7cc 136.31MB / 160.65MB 11.6s
#5 sha256:068f728715cc6fb7a027aee7a1ebf8190d131a641e3bbd0f0c3b8dbc8721a7cc 144.70MB / 160.65MB 12.5s
